
> campus-placement-frontend@0.0.0 dev
> vite


  [32m[1mVITE[22m v5.4.21[39m  [2mready in [0m[1m2670[22m[2m[0m ms[22m

  [32m➜[39m  [1mLocal[22m:   [36mhttp://localhost:[1m3000[22m/[39m
[2m  [32m➜[39m  [1mNetwork[22m[2m: use [22m[1m--host[22m[2m to expose[22m
[2m10:19:27 AM[22m [31m[1m[vite][22m[39m [31mhttp proxy error: /api/filters[39m
AggregateError [ECONNREFUSED]: 
    at internalConnectMultiple (node:net:1139:18)
    at afterConnectMultiple (node:net:1714:7)
[2m10:19:27 AM[22m [31m[1m[vite][22m[39m [31mhttp proxy error: /api/dashboard[39m
AggregateError [ECONNREFUSED]: 
    at internalConnectMultiple (node:net:1139:18)
    at afterConnectMultiple (node:net:1714:7)
[2m10:19:27 AM[22m [31m[1m[vite][22m[39m [31mhttp proxy error: /api/filters[39m
AggregateError [ECONNREFUSED]: 
    at internalConnectMultiple (node:net:1139:18)
    at afterConnectMultiple (node:net:1714:7)
[2m10:19:27 AM[22m [31m[1m[vite][22m[39m [31mhttp proxy error: /api/dashboard[39m
AggregateError [ECONNREFUSED]: 
    at internalConnectMultiple (node:net:1139:18)
    at afterConnectMultiple (node:net:1714:7)
[2m10:20:29 AM[22m [31m[1m[vite][22m[39m [31mhttp proxy error: /api/filters[39m
AggregateError [ECONNREFUSED]: 
    at internalConnectMultiple (node:net:1139:18)
    at afterConnectMultiple (node:net:1714:7)
[2m10:20:29 AM[22m [31m[1m[vite][22m[39m [31mhttp proxy error: /api/dashboard[39m
AggregateError [ECONNREFUSED]: 
    at internalConnectMultiple (node:net:1139:18)
    at afterConnectMultiple (node:net:1714:7)
[2m10:20:29 AM[22m [31m[1m[vite][22m[39m [31mhttp proxy error: /api/filters[39m
AggregateError [ECONNREFUSED]: 
    at internalConnectMultiple (node:net:1139:18)
    at afterConnectMultiple (node:net:1714:7)
[2m10:20:29 AM[22m [31m[1m[vite][22m[39m [31mhttp proxy error: /api/dashboard[39m
AggregateError [ECONNREFUSED]: 
    at internalConnectMultiple (node:net:1139:18)
    at afterConnectMultiple (node:net:1714:7)
